                                 Started job on |	Mar 17 11:57:40
                             Started mapping on |	Mar 17 11:57:46
                                    Finished on |	Mar 17 12:10:58
       Mapping speed, Million of reads per hour |	0.53

                          Number of input reads |	117081
                      Average input read length |	198
                                    UNIQUE READS:
                   Uniquely mapped reads number |	61483
                        Uniquely mapped reads % |	52.51%
                          Average mapped length |	198.48
                       Number of splices: Total |	23955
            Number of splices: Annotated (sjdb) |	23955
                       Number of splices: GT/AG |	23882
                       Number of splices: GC/AG |	58
                       Number of splices: AT/AC |	9
               Number of splices: Non-canonical |	6
                      Mismatch rate per base, % |	0.13%
                         Deletion rate per base |	0.00%
                        Deletion average length |	1.19
                        Insertion rate per base |	0.01%
                       Insertion average length |	1.08
                             MULTI-MAPPING READS:
        Number of reads mapped to multiple loci |	712
             % of reads mapped to multiple loci |	0.61%
        Number of reads mapped to too many loci |	5
             % of reads mapped to too many loci |	0.00%
                                  UNMAPPED READS:
  Number of reads unmapped: too many mismatches |	0
       % of reads unmapped: too many mismatches |	0.00%
            Number of reads unmapped: too short |	54575
                 % of reads unmapped: too short |	46.61%
                Number of reads unmapped: other |	295
                     % of reads unmapped: other |	0.25%
                                  CHIMERIC READS:
                       Number of chimeric reads |	11
                            % of chimeric reads |	0.01%
